app/build/outputs/logs/manifest-merger-debug-report.txt
-- Merging decision tree log ---
manifest
ADDED from src\main\AndroidManifest.xml:2:1-52:12
INJECTED from src\main\AndroidManifest.xml:2:1-52:12
INJECTED from src\main\AndroidManifest.xml:2:1-52:12
INJECTED from src\main\AndroidManifest.xml:2:1-52:12
MERGED from [com.android.support:design:27.1.1] AndroidManifest.xml:17:1-22:12
MERGED from [com.android.support:appcompat-v7:27.1.1] AndroidManifest.xml:17:1-22:12
MERGED from [com.android.support.constraint:constraint-layout:1.1.3] AndroidManifest.xml:2:1-11:12
MERGED from [android.arch.persistence.room:rxjava2:1.1.1] AndroidManifest.xml:17:1-22:12
MERGED from [android.arch.persistence.room:guava:1.1.1] AndroidManifest.xml:17:1-22:12
MERGED from [android.arch.persistence.room:runtime:1.1.1] AndroidManifest.xml:17:1-22:12
MERGED from [com.github.lzyzsd:circleprogress:1.2.1] AndroidManifest.xml:2:1-12:12
MERGED from [com.android.support:support-v4:27.1.1] AndroidManifest.xml:17:1-22:12
MERGED from [com.android.support:support-fragment:27.1.1] AndroidManifest.xml:17:1-22:12
MERGED from [com.android.support:animated-vector-drawable:27.1.1] AndroidManifest.xml:17:1-22:12
MERGED from [com.android.support:support-vector-drawable:27.1.1] AndroidManifest.xml:17:1-22:12
MERGED from [com.android.support:recyclerview-v7:27.1.1] AndroidManifest.xml:17:1-22:12
MERGED from [com.android.support:transition:27.1.1] AndroidManifest.xml:17:1-22:12
MERGED from [android.arch.persistence:db-framework:1.1.1] AndroidManifest.xml:17:1-22:12
MERGED from [android.arch.persistence:db:1.1.1] AndroidManifest.xml:17:1-22:12
MERGED from [com.android.support:support-core-ui:27.1.1] AndroidManifest.xml:17:1-22:12
MERGED from [com.android.support:support-media-compat:27.1.1] AndroidManifest.xml:17:1-22:12
MERGED from [com.android.support:support-core-utils:27.1.1] AndroidManifest.xml:17:1-22:12
MERGED from [com.android.support:support-compat:27.1.1] AndroidManifest.xml:17:1-22:12
MERGED from [android.arch.lifecycle:livedata-core:1.1.0] AndroidManifest.xml:17:1-22:12
MERGED from [android.arch.core:runtime:1.1.1] AndroidManifest.xml:17:1-22:12
MERGED from [android.arch.lifecycle:runtime:1.1.0] AndroidManifest.xml:17:1-22:12
MERGED from [android.arch.lifecycle:viewmodel:1.1.0] AndroidManifest.xml:17:1-22:12
INJECTED from src\main\AndroidManifest.xml:2:1-52:12
INJECTED from src\main\AndroidManifest.xml:2:1-52:12
INJECTED from src\main\AndroidManifest.xml:2:1-52:12
	package
		ADDED from src\main\AndroidManifest.xml:3:5-45
		INJECTED from src\main\AndroidManifest.xml
		INJECTED from src\main\AndroidManifest.xml
	android:versionName
		INJECTED from src\main\AndroidManifest.xml
		ADDED from src\main\AndroidManifest.xml:2:1-52:12
		INJECTED from src\main\AndroidManifest.xml
	android:versionCode
		INJECTED from src\main\AndroidManifest.xml
		ADDED from src\main\AndroidManifest.xml:2:1-52:12
		INJECTED from src\main\AndroidManifest.xml
	xmlns:android
		ADDED from src\main\AndroidManifest.xml:2:11-69
uses-feature#android.hardware.sensor.stepcounter
ADDED from src\main\AndroidManifest.xml:5:5-72
	android:name
		ADDED from src\main\AndroidManifest.xml:5:19-69
uses-feature#android.hardware.sensor.stepdetector
ADDED from src\main\AndroidManifest.xml:6:5-73
	android:name
		ADDED from src\main\AndroidManifest.xml:6:19-70
uses-feature#android.hardware.bluetooth_le
ADDED from src\main\AndroidManifest.xml:7:5-9:35
	android:required
		ADDED from src\main\AndroidManifest.xml:9:9-32
	android:name
		ADDED from src\main\AndroidManifest.xml:8:9-53
uses-permission#android.permission.BLUETOOTH
ADDED from src\main\AndroidManifest.xml:11:5-68
	android:name
		ADDED from src\main\AndroidManifest.xml:11:22-65
uses-permission#android.permission.BLUETOOTH_ADMIN
ADDED from src\main\AndroidManifest.xml:12:5-74
	android:name
		ADDED from src\main\AndroidManifest.xml:12:22-71
uses-permission#android.permission.ACCESS_COARSE_LOCATION
ADDED from src\main\AndroidManifest.xml:13:5-81
	android:name
		ADDED from src\main\AndroidManifest.xml:13:22-78
uses-permission#android.permission.ACCESS_FINE_LOCATION
ADDED from src\main\AndroidManifest.xml:14:5-79
	android:name
		ADDED from src\main\AndroidManifest.xml:14:22-76
application
ADDED from src\main\AndroidManifest.xml:16:5-50:19
MERGED from [com.android.support.constraint:constraint-layout:1.1.3] AndroidManifest.xml:9:5-20
MERGED from [com.android.support.constraint:constraint-layout:1.1.3] AndroidManifest.xml:9:5-20
	android:supportsRtl
		ADDED from src\main\AndroidManifest.xml:21:9-35
	android:label
		ADDED from src\main\AndroidManifest.xml:19:9-41
	android:roundIcon
		ADDED from src\main\AndroidManifest.xml:20:9-54
	android:icon
		ADDED from src\main\AndroidManifest.xml:18:9-43
	android:allowBackup
		ADDED from src\main\AndroidManifest.xml:17:9-36
	android:theme
		ADDED from src\main\AndroidManifest.xml:22:9-40
activity#com.example.bleh.myapplication.SplashScreen
ADDED from src\main\AndroidManifest.xml:23:9-29:20
	android:name
		ADDED from src\main\AndroidManifest.xml:23:19-47
intent-filter#action:name:android.intent.action.MAIN+category:name:android.intent.category.LAUNCHER
ADDED from src\main\AndroidManifest.xml:24:13-28:29
action#android.intent.action.MAIN
ADDED from src\main\AndroidManifest.xml:25:17-69
	android:name
		ADDED from src\main\AndroidManifest.xml:25:25-66
category#android.intent.category.LAUNCHER
ADDED from src\main\AndroidManifest.xml:27:17-77
	android:name
		ADDED from src\main\AndroidManifest.xml:27:27-74
activity#com.example.bleh.myapplication.SignUp2
ADDED from src\main\AndroidManifest.xml:30:9-45
	android:name
		ADDED from src\main\AndroidManifest.xml:30:19-42
activity#com.example.bleh.myapplication.feature1
ADDED from src\main\AndroidManifest.xml:31:9-46
	android:name
		ADDED from src\main\AndroidManifest.xml:31:19-43
activity#com.example.bleh.myapplication.SignUp
ADDED from src\main\AndroidManifest.xml:32:9-44
	android:name
		ADDED from src\main\AndroidManifest.xml:32:19-41
activity#com.example.bleh.myapplication.feature2
ADDED from src\main\AndroidManifest.xml:33:9-46
	android:name
		ADDED from src\main\AndroidManifest.xml:33:19-43
activity#com.example.bleh.myapplication.Measurements
ADDED from src\main\AndroidManifest.xml:34:9-50
	android:name
		ADDED from src\main\AndroidManifest.xml:34:19-47
activity#com.example.bleh.myapplication.DetailedMeasurements
ADDED from src\main\AndroidManifest.xml:35:9-58
	android:name
		ADDED from src\main\AndroidManifest.xml:35:19-55
activity#com.example.bleh.myapplication.BLEConnection
ADDED from src\main\AndroidManifest.xml:36:9-51
	android:name
		ADDED from src\main\AndroidManifest.xml:36:19-48
activity#com.example.bleh.myapplication.Activity_BTLE_Services
ADDED from src\main\AndroidManifest.xml:37:9-60
	android:name
		ADDED from src\main\AndroidManifest.xml:37:19-57
service#com.example.bleh.myapplication.Service_BTLE_GATT
ADDED from src\main\AndroidManifest.xml:39:9-42:39
	android:enabled
		ADDED from src\main\AndroidManifest.xml:41:13-35
	android:exported
		ADDED from src\main\AndroidManifest.xml:42:13-36
	android:name
		ADDED from src\main\AndroidManifest.xml:40:13-46
receiver#com.example.bleh.myapplication.AlarmReceiver
ADDED from src\main\AndroidManifest.xml:44:9-47:20
	android:enabled
		ADDED from src\main\AndroidManifest.xml:45:13-35
	android:exported
		ADDED from src\main\AndroidManifest.xml:46:13-36
	android:name
		ADDED from src\main\AndroidManifest.xml:44:19-48
activity#com.example.bleh.myapplication.BodyComposition
ADDED from src\main\AndroidManifest.xml:48:9-53
	android:name
		ADDED from src\main\AndroidManifest.xml:48:19-50
activity#com.example.bleh.myapplication.InsertSleepTimes
ADDED from src\main\AndroidManifest.xml:49:9-63
	android:name
		ADDED from src\main\AndroidManifest.xml:49:19-51
uses-sdk
INJECTED from src\main\AndroidManifest.xml reason: use-sdk injection requested
INJECTED from src\main\AndroidManifest.xml
INJECTED from src\main\AndroidManifest.xml
MERGED from [com.android.support:design:27.1.1] AndroidManifest.xml:20:5-44
MERGED from [com.android.support:design:27.1.1] AndroidManifest.xml:20:5-44
MERGED from [com.android.support:appcompat-v7:27.1.1] AndroidManifest.xml:20:5-44
MERGED from [com.android.support:appcompat-v7:27.1.1] AndroidManifest.xml:20:5-44
MERGED from [com.android.support.constraint:constraint-layout:1.1.3] AndroidManifest.xml:5:5-7:41
MERGED from [com.android.support.constraint:constraint-layout:1.1.3] AndroidManifest.xml:5:5-7:41
MERGED from [android.arch.persistence.room:rxjava2:1.1.1] AndroidManifest.xml:20:5-44
MERGED from [android.arch.persistence.room:rxjava2:1.1.1] AndroidManifest.xml:20:5-44
MERGED from [android.arch.persistence.room:guava:1.1.1] AndroidManifest.xml:20:5-44
MERGED from [android.arch.persistence.room:guava:1.1.1] AndroidManifest.xml:20:5-44
MERGED from [android.arch.persistence.room:runtime:1.1.1] AndroidManifest.xml:20:5-44
MERGED from [android.arch.persistence.room:runtime:1.1.1] AndroidManifest.xml:20:5-44
MERGED from [com.github.lzyzsd:circleprogress:1.2.1] AndroidManifest.xml:8:5-10:41
MERGED from [com.github.lzyzsd:circleprogress:1.2.1] AndroidManifest.xml:8:5-10:41
MERGED from [com.android.support:support-v4:27.1.1] AndroidManifest.xml:20:5-44
MERGED from [com.android.support:support-v4:27.1.1] AndroidManifest.xml:20:5-44
MERGED from [com.android.support:support-fragment:27.1.1] AndroidManifest.xml:20:5-44
MERGED from [com.android.support:support-fragment:27.1.1] AndroidManifest.xml:20:5-44
MERGED from [com.android.support:animated-vector-drawable:27.1.1] AndroidManifest.xml:20:5-44
MERGED from [com.android.support:animated-vector-drawable:27.1.1] AndroidManifest.xml:20:5-44
MERGED from [com.android.support:support-vector-drawable:27.1.1] AndroidManifest.xml:20:5-44
MERGED from [com.android.support:support-vector-drawable:27.1.1] AndroidManifest.xml:20:5-44
MERGED from [com.android.support:recyclerview-v7:27.1.1] AndroidManifest.xml:20:5-44
MERGED from [com.android.support:recyclerview-v7:27.1.1] AndroidManifest.xml:20:5-44
MERGED from [com.android.support:transition:27.1.1] AndroidManifest.xml:20:5-44
MERGED from [com.android.support:transition:27.1.1] AndroidManifest.xml:20:5-44
MERGED from [android.arch.persistence:db-framework:1.1.1] AndroidManifest.xml:20:5-44
MERGED from [android.arch.persistence:db-framework:1.1.1] AndroidManifest.xml:20:5-44
MERGED from [android.arch.persistence:db:1.1.1] AndroidManifest.xml:20:5-44
MERGED from [android.arch.persistence:db:1.1.1] AndroidManifest.xml:20:5-44
MERGED from [com.android.support:support-core-ui:27.1.1] AndroidManifest.xml:20:5-44
MERGED from [com.android.support:support-core-ui:27.1.1] AndroidManifest.xml:20:5-44
MERGED from [com.android.support:support-media-compat:27.1.1] AndroidManifest.xml:20:5-44
MERGED from [com.android.support:support-media-compat:27.1.1] AndroidManifest.xml:20:5-44
MERGED from [com.android.support:support-core-utils:27.1.1] AndroidManifest.xml:20:5-44
MERGED from [com.android.support:support-core-utils:27.1.1] AndroidManifest.xml:20:5-44
MERGED from [com.android.support:support-compat:27.1.1] AndroidManifest.xml:20:5-44
MERGED from [com.android.support:support-compat:27.1.1] AndroidManifest.xml:20:5-44
MERGED from [android.arch.lifecycle:livedata-core:1.1.0] AndroidManifest.xml:20:5-44
MERGED from [android.arch.lifecycle:livedata-core:1.1.0] AndroidManifest.xml:20:5-44
MERGED from [android.arch.core:runtime:1.1.1] AndroidManifest.xml:20:5-44
MERGED from [android.arch.core:runtime:1.1.1] AndroidManifest.xml:20:5-44
MERGED from [android.arch.lifecycle:runtime:1.1.0] AndroidManifest.xml:20:5-44
MERGED from [android.arch.lifecycle:runtime:1.1.0] AndroidManifest.xml:20:5-44
MERGED from [android.arch.lifecycle:viewmodel:1.1.0] AndroidManifest.xml:20:5-44
MERGED from [android.arch.lifecycle:viewmodel:1.1.0] AndroidManifest.xml:20:5-44
INJECTED from src\main\AndroidManifest.xml
INJECTED from src\main\AndroidManifest.xml
	android:targetSdkVersion
		INJECTED from src\main\AndroidManifest.xml
		ADDED from src\main\AndroidManifest.xml
		INJECTED from src\main\AndroidManifest.xml
	android:minSdkVersion
		INJECTED from src\main\AndroidManifest.xml
		ADDED from src\main\AndroidManifest.xml
		INJECTED from src\main\AndroidManifest.xml